Error in hook callback hook_0: 32271 |   activate
32272 | end tell`,{code:a}=await Wn("osascript",["-e",i],{useCwd:!1});return a===0}case"Ghostty":{let s=["-na",e.command,"--args","--window-save-state=never"];if(o)s.push(`--working-directory=${o}`);s.push("-e",t,...z_t(r));let{code:i}=await Wn("open",s,{useCwd:!1});if(i===0)return!0;break}case"Alacritty":{let s=["-na",e.command,"--args"];if(o)s.push("--working-directory",o);s.push("-e",t,...n);let{code:i}=await Wn("open",s,{useCwd:!1});if(i===0)return!0;break}case"kitty":{let s=["-na",e.command,"--args"];if(o)s.push("--directory",o);s.push(t,...n);let{code:i}=await Wn("open",s,{useCwd:!1});if(i===0)return!0;break}case"WezTerm":{let s=["-na",e.command,"--args","start"];if(o)s.push("--cwd",o);s.push("--",t,...n);let{code:i}=await Wn("open",s,{useCwd:!1});if(i===0)return!0;break}}return T(`Failed to launch ${e.name}, falling back to Terminal.app`),lhc({name:"Terminal.app",command:"Terminal"},t,n,r)}async function oKf(e,t,n,r){let{cwd:o}=r,s,i;switch(e.name){case"gnome-terminal":s=o?[`--working-directory=${o}`,"--"]:["-
32273 | `,"\\n").replaceAll("\t","\\t")}"`}function aKf(e){if(/[\u2018\u2019\u201A\u201B]/.test(e))throw Error("Cannot safely quote a Unicode single-quote variant (U+2018-U+201B) in a PowerShell path; install Windows Terminal (wt.exe).");return`'${e.replaceAll('"',"").replaceAll("'","''")}'`}function ohc(e){return`"${e.replace(/[\n\t]/g," ").replace(/["%]/g,"").replace(/(\\+)$/,"$1$1")}"`}var shc,ihc,Srr,Zzf,iKf;var uhc=E(()=>{tr();Ge();xi();Zk();shc=require("child_process"),ihc=require("path"),Srr=[{name:"iTerm2",bundleId:"com.googlecode.iterm2",app:"iTerm"},{name:"Ghostty",bundleId:"com.mitchellh.ghostty",app:"Ghostty"},{name:"Kitty",bundleId:"net.kovidgoyal.kitty",app:"kitty"},{name:"Alacritty",bundleId:"org.alacritty",app:"Alacritty"},{name:"WezTerm",bundleId:"com.github.wez.wezterm",app:"WezTerm"},{name:"Terminal.app",bundleId:"com.apple.Terminal",app:"Terminal",termProgramAliases:["apple_terminal"]}],Zzf=["ghostty","kitty","alacritty","wezterm","gnome-terminal","konsole","xfce4-terminal","mate-terminal","tilix"
32274 | `)}async*read(){let e="",t=async function*(){for(;;){if(this.prependedLines.length>0)e=this.prependedLines.join("")+e,this.prependedLines=[];let n=e.indexOf(`
32275 | `);if(n===-1)break;let r=e.slice(0,n);e=e.slice(n+1);let o=await this.processLine(r);if(o)Cn("info","cli_stdin_message_parsed",{type:o.type}),yield o}}.bind(this);yield*t();for await(let n of this.input)e+=n,yield*t();if(e){let n=await this.processLine(e);if(n)yield n}this.inputClosed=!0;for(let n of this.pendingRequests.values())n.reject(Error("Tool permission stream closed before response received"))}getPendingPermissionRequests(){return Array.from(this.pendingRequests.values()).map((e)=>e.request).filter((e)=>e.request.subtype==="can_use_tool")}getPendingUserDialogRequests(){return Array.from(this.pendingRequests.values()).map((e)=>e.request).filter((e)=>e.request.subtype==="request_user_dialog")}republishSurvivingPendingAction(){let e;for(let[t,n]of this.publishedPendingActionDetails)if(this.pendingRequests.has(t))e=n;if(!e)return;this.sessionState.republishPendingAction(e),W("tengu_pending_action_republished",{survivor_kind:Me(e.tool_name.startsWith("dialog:")?"dialog":"permission"),pending_permission_re
32276 | `)}async sendRequest(e,t,n,r=Q_t.randomUUID()){let o={type:"control_request",request_id:r,request:e};if(this.inputClosed)throw Error("Stream closed");if(n?.aborted)throw Error("Request aborted");if(this.outbound.enqueue(o),e.subtype==="can_use_tool"&&this.onControlRequestSent)this.onControlRequestSent(o);let s=()=>{this.outbound.enqueue({type:"control_cancel_request",request_id:r});let a=this.pendingRequests.get(r);if(a)this.trackResolvedToolUseId(a.request),a.reject(new Uc)};if(n)n.addEventListener("abort",s,{once:!0});let i=Date.now();try{return await new Promise((a,l)=>{this.pendingRequests.set(r,{request:{type:"control_request",request_id:r,request:e},resolve:(c)=>{a(c)},reject:l,schema:t})})}finally{if(W("tengu_sdk_control_roundtrip",{subtype:Me(e.subtype),duration_ms:Date.now()-i,aborted:n?.aborted??!1}),n)n.removeEventListener("abort",s);this.pendingRequests.delete(r)}}createCanUseTool(e){return async(t,n,r,o,s,i)=>{let a=i??await iL(t,n,r,o,s);if(a.behavior==="allow")return a;if(a.behavior==="deny"){l

error: Stream closed
      at sendRequest (/$bunfs/root/src/entrypoints/cli.js:32276:133)
      at <anonymous> (/$bunfs/root/src/entrypoints/cli.js:32276:3073)
      at bIf (/$bunfs/root/src/entrypoints/cli.js:10073:1258)
      at <anonymous> (/$bunfs/root/src/entrypoints/cli.js:10070:2156)
      at next (1:11)
      at n (/$bunfs/root/src/entrypoints/cli.js:3522:12300)
      at z4n (/$bunfs/root/src/entrypoints/cli.js:3522:12450)
      at next (1:11)
      at uw (/$bunfs/root/src/entrypoints/cli.js:10070:11612)
      at next (1:11)

Error in hook callback hook_0: 32271 |   activate
32272 | end tell`,{code:a}=await Wn("osascript",["-e",i],{useCwd:!1});return a===0}case"Ghostty":{let s=["-na",e.command,"--args","--window-save-state=never"];if(o)s.push(`--working-directory=${o}`);s.push("-e",t,...z_t(r));let{code:i}=await Wn("open",s,{useCwd:!1});if(i===0)return!0;break}case"Alacritty":{let s=["-na",e.command,"--args"];if(o)s.push("--working-directory",o);s.push("-e",t,...n);let{code:i}=await Wn("open",s,{useCwd:!1});if(i===0)return!0;break}case"kitty":{let s=["-na",e.command,"--args"];if(o)s.push("--directory",o);s.push(t,...n);let{code:i}=await Wn("open",s,{useCwd:!1});if(i===0)return!0;break}case"WezTerm":{let s=["-na",e.command,"--args","start"];if(o)s.push("--cwd",o);s.push("--",t,...n);let{code:i}=await Wn("open",s,{useCwd:!1});if(i===0)return!0;break}}return T(`Failed to launch ${e.name}, falling back to Terminal.app`),lhc({name:"Terminal.app",command:"Terminal"},t,n,r)}async function oKf(e,t,n,r){let{cwd:o}=r,s,i;switch(e.name){case"gnome-terminal":s=o?[`--working-directory=${o}`,"--"]:["-
32273 | `,"\\n").replaceAll("\t","\\t")}"`}function aKf(e){if(/[\u2018\u2019\u201A\u201B]/.test(e))throw Error("Cannot safely quote a Unicode single-quote variant (U+2018-U+201B) in a PowerShell path; install Windows Terminal (wt.exe).");return`'${e.replaceAll('"',"").replaceAll("'","''")}'`}function ohc(e){return`"${e.replace(/[\n\t]/g," ").replace(/["%]/g,"").replace(/(\\+)$/,"$1$1")}"`}var shc,ihc,Srr,Zzf,iKf;var uhc=E(()=>{tr();Ge();xi();Zk();shc=require("child_process"),ihc=require("path"),Srr=[{name:"iTerm2",bundleId:"com.googlecode.iterm2",app:"iTerm"},{name:"Ghostty",bundleId:"com.mitchellh.ghostty",app:"Ghostty"},{name:"Kitty",bundleId:"net.kovidgoyal.kitty",app:"kitty"},{name:"Alacritty",bundleId:"org.alacritty",app:"Alacritty"},{name:"WezTerm",bundleId:"com.github.wez.wezterm",app:"WezTerm"},{name:"Terminal.app",bundleId:"com.apple.Terminal",app:"Terminal",termProgramAliases:["apple_terminal"]}],Zzf=["ghostty","kitty","alacritty","wezterm","gnome-terminal","konsole","xfce4-terminal","mate-terminal","tilix"
32274 | `)}async*read(){let e="",t=async function*(){for(;;){if(this.prependedLines.length>0)e=this.prependedLines.join("")+e,this.prependedLines=[];let n=e.indexOf(`
32275 | `);if(n===-1)break;let r=e.slice(0,n);e=e.slice(n+1);let o=await this.processLine(r);if(o)Cn("info","cli_stdin_message_parsed",{type:o.type}),yield o}}.bind(this);yield*t();for await(let n of this.input)e+=n,yield*t();if(e){let n=await this.processLine(e);if(n)yield n}this.inputClosed=!0;for(let n of this.pendingRequests.values())n.reject(Error("Tool permission stream closed before response received"))}getPendingPermissionRequests(){return Array.from(this.pendingRequests.values()).map((e)=>e.request).filter((e)=>e.request.subtype==="can_use_tool")}getPendingUserDialogRequests(){return Array.from(this.pendingRequests.values()).map((e)=>e.request).filter((e)=>e.request.subtype==="request_user_dialog")}republishSurvivingPendingAction(){let e;for(let[t,n]of this.publishedPendingActionDetails)if(this.pendingRequests.has(t))e=n;if(!e)return;this.sessionState.republishPendingAction(e),W("tengu_pending_action_republished",{survivor_kind:Me(e.tool_name.startsWith("dialog:")?"dialog":"permission"),pending_permission_re
32276 | `)}async sendRequest(e,t,n,r=Q_t.randomUUID()){let o={type:"control_request",request_id:r,request:e};if(this.inputClosed)throw Error("Stream closed");if(n?.aborted)throw Error("Request aborted");if(this.outbound.enqueue(o),e.subtype==="can_use_tool"&&this.onControlRequestSent)this.onControlRequestSent(o);let s=()=>{this.outbound.enqueue({type:"control_cancel_request",request_id:r});let a=this.pendingRequests.get(r);if(a)this.trackResolvedToolUseId(a.request),a.reject(new Uc)};if(n)n.addEventListener("abort",s,{once:!0});let i=Date.now();try{return await new Promise((a,l)=>{this.pendingRequests.set(r,{request:{type:"control_request",request_id:r,request:e},resolve:(c)=>{a(c)},reject:l,schema:t})})}finally{if(W("tengu_sdk_control_roundtrip",{subtype:Me(e.subtype),duration_ms:Date.now()-i,aborted:n?.aborted??!1}),n)n.removeEventListener("abort",s);this.pendingRequests.delete(r)}}createCanUseTool(e){return async(t,n,r,o,s,i)=>{let a=i??await iL(t,n,r,o,s);if(a.behavior==="allow")return a;if(a.behavior==="deny"){l

error: Stream closed
      at sendRequest (/$bunfs/root/src/entrypoints/cli.js:32276:133)
      at <anonymous> (/$bunfs/root/src/entrypoints/cli.js:32276:3073)
      at bIf (/$bunfs/root/src/entrypoints/cli.js:10073:1258)
      at <anonymous> (/$bunfs/root/src/entrypoints/cli.js:10070:2156)
      at next (1:11)
      at n (/$bunfs/root/src/entrypoints/cli.js:3522:12300)
      at z4n (/$bunfs/root/src/entrypoints/cli.js:3522:12450)
      at next (1:11)
      at uw (/$bunfs/root/src/entrypoints/cli.js:10070:11612)
      at next (1:11)

Error in hook callback hook_0: 32271 |   activate
32272 | end tell`,{code:a}=await Wn("osascript",["-e",i],{useCwd:!1});return a===0}case"Ghostty":{let s=["-na",e.command,"--args","--window-save-state=never"];if(o)s.push(`--working-directory=${o}`);s.push("-e",t,...z_t(r));let{code:i}=await Wn("open",s,{useCwd:!1});if(i===0)return!0;break}case"Alacritty":{let s=["-na",e.command,"--args"];if(o)s.push("--working-directory",o);s.push("-e",t,...n);let{code:i}=await Wn("open",s,{useCwd:!1});if(i===0)return!0;break}case"kitty":{let s=["-na",e.command,"--args"];if(o)s.push("--directory",o);s.push(t,...n);let{code:i}=await Wn("open",s,{useCwd:!1});if(i===0)return!0;break}case"WezTerm":{let s=["-na",e.command,"--args","start"];if(o)s.push("--cwd",o);s.push("--",t,...n);let{code:i}=await Wn("open",s,{useCwd:!1});if(i===0)return!0;break}}return T(`Failed to launch ${e.name}, falling back to Terminal.app`),lhc({name:"Terminal.app",command:"Terminal"},t,n,r)}async function oKf(e,t,n,r){let{cwd:o}=r,s,i;switch(e.name){case"gnome-terminal":s=o?[`--working-directory=${o}`,"--"]:["-
32273 | `,"\\n").replaceAll("\t","\\t")}"`}function aKf(e){if(/[\u2018\u2019\u201A\u201B]/.test(e))throw Error("Cannot safely quote a Unicode single-quote variant (U+2018-U+201B) in a PowerShell path; install Windows Terminal (wt.exe).");return`'${e.replaceAll('"',"").replaceAll("'","''")}'`}function ohc(e){return`"${e.replace(/[\n\t]/g," ").replace(/["%]/g,"").replace(/(\\+)$/,"$1$1")}"`}var shc,ihc,Srr,Zzf,iKf;var uhc=E(()=>{tr();Ge();xi();Zk();shc=require("child_process"),ihc=require("path"),Srr=[{name:"iTerm2",bundleId:"com.googlecode.iterm2",app:"iTerm"},{name:"Ghostty",bundleId:"com.mitchellh.ghostty",app:"Ghostty"},{name:"Kitty",bundleId:"net.kovidgoyal.kitty",app:"kitty"},{name:"Alacritty",bundleId:"org.alacritty",app:"Alacritty"},{name:"WezTerm",bundleId:"com.github.wez.wezterm",app:"WezTerm"},{name:"Terminal.app",bundleId:"com.apple.Terminal",app:"Terminal",termProgramAliases:["apple_terminal"]}],Zzf=["ghostty","kitty","alacritty","wezterm","gnome-terminal","konsole","xfce4-terminal","mate-terminal","tilix"
32274 | `)}async*read(){let e="",t=async function*(){for(;;){if(this.prependedLines.length>0)e=this.prependedLines.join("")+e,this.prependedLines=[];let n=e.indexOf(`
32275 | `);if(n===-1)break;let r=e.slice(0,n);e=e.slice(n+1);let o=await this.processLine(r);if(o)Cn("info","cli_stdin_message_parsed",{type:o.type}),yield o}}.bind(this);yield*t();for await(let n of this.input)e+=n,yield*t();if(e){let n=await this.processLine(e);if(n)yield n}this.inputClosed=!0;for(let n of this.pendingRequests.values())n.reject(Error("Tool permission stream closed before response received"))}getPendingPermissionRequests(){return Array.from(this.pendingRequests.values()).map((e)=>e.request).filter((e)=>e.request.subtype==="can_use_tool")}getPendingUserDialogRequests(){return Array.from(this.pendingRequests.values()).map((e)=>e.request).filter((e)=>e.request.subtype==="request_user_dialog")}republishSurvivingPendingAction(){let e;for(let[t,n]of this.publishedPendingActionDetails)if(this.pendingRequests.has(t))e=n;if(!e)return;this.sessionState.republishPendingAction(e),W("tengu_pending_action_republished",{survivor_kind:Me(e.tool_name.startsWith("dialog:")?"dialog":"permission"),pending_permission_re
32276 | `)}async sendRequest(e,t,n,r=Q_t.randomUUID()){let o={type:"control_request",request_id:r,request:e};if(this.inputClosed)throw Error("Stream closed");if(n?.aborted)throw Error("Request aborted");if(this.outbound.enqueue(o),e.subtype==="can_use_tool"&&this.onControlRequestSent)this.onControlRequestSent(o);let s=()=>{this.outbound.enqueue({type:"control_cancel_request",request_id:r});let a=this.pendingRequests.get(r);if(a)this.trackResolvedToolUseId(a.request),a.reject(new Uc)};if(n)n.addEventListener("abort",s,{once:!0});let i=Date.now();try{return await new Promise((a,l)=>{this.pendingRequests.set(r,{request:{type:"control_request",request_id:r,request:e},resolve:(c)=>{a(c)},reject:l,schema:t})})}finally{if(W("tengu_sdk_control_roundtrip",{subtype:Me(e.subtype),duration_ms:Date.now()-i,aborted:n?.aborted??!1}),n)n.removeEventListener("abort",s);this.pendingRequests.delete(r)}}createCanUseTool(e){return async(t,n,r,o,s,i)=>{let a=i??await iL(t,n,r,o,s);if(a.behavior==="allow")return a;if(a.behavior==="deny"){l

error: Stream closed
      at sendRequest (/$bunfs/root/src/entrypoints/cli.js:32276:133)
      at <anonymous> (/$bunfs/root/src/entrypoints/cli.js:32276:3073)
      at bIf (/$bunfs/root/src/entrypoints/cli.js:10073:1258)
      at <anonymous> (/$bunfs/root/src/entrypoints/cli.js:10070:2156)
      at next (1:11)
      at n (/$bunfs/root/src/entrypoints/cli.js:3522:12300)
      at z4n (/$bunfs/root/src/entrypoints/cli.js:3522:12450)
      at next (1:11)
      at uw (/$bunfs/root/src/entrypoints/cli.js:10070:11612)
      at next (1:11)

Error in hook callback hook_0: 32271 |   activate
32272 | end tell`,{code:a}=await Wn("osascript",["-e",i],{useCwd:!1});return a===0}case"Ghostty":{let s=["-na",e.command,"--args","--window-save-state=never"];if(o)s.push(`--working-directory=${o}`);s.push("-e",t,...z_t(r));let{code:i}=await Wn("open",s,{useCwd:!1});if(i===0)return!0;break}case"Alacritty":{let s=["-na",e.command,"--args"];if(o)s.push("--working-directory",o);s.push("-e",t,...n);let{code:i}=await Wn("open",s,{useCwd:!1});if(i===0)return!0;break}case"kitty":{let s=["-na",e.command,"--args"];if(o)s.push("--directory",o);s.push(t,...n);let{code:i}=await Wn("open",s,{useCwd:!1});if(i===0)return!0;break}case"WezTerm":{let s=["-na",e.command,"--args","start"];if(o)s.push("--cwd",o);s.push("--",t,...n);let{code:i}=await Wn("open",s,{useCwd:!1});if(i===0)return!0;break}}return T(`Failed to launch ${e.name}, falling back to Terminal.app`),lhc({name:"Terminal.app",command:"Terminal"},t,n,r)}async function oKf(e,t,n,r){let{cwd:o}=r,s,i;switch(e.name){case"gnome-terminal":s=o?[`--working-directory=${o}`,"--"]:["-
32273 | `,"\\n").replaceAll("\t","\\t")}"`}function aKf(e){if(/[\u2018\u2019\u201A\u201B]/.test(e))throw Error("Cannot safely quote a Unicode single-quote variant (U+2018-U+201B) in a PowerShell path; install Windows Terminal (wt.exe).");return`'${e.replaceAll('"',"").replaceAll("'","''")}'`}function ohc(e){return`"${e.replace(/[\n\t]/g," ").replace(/["%]/g,"").replace(/(\\+)$/,"$1$1")}"`}var shc,ihc,Srr,Zzf,iKf;var uhc=E(()=>{tr();Ge();xi();Zk();shc=require("child_process"),ihc=require("path"),Srr=[{name:"iTerm2",bundleId:"com.googlecode.iterm2",app:"iTerm"},{name:"Ghostty",bundleId:"com.mitchellh.ghostty",app:"Ghostty"},{name:"Kitty",bundleId:"net.kovidgoyal.kitty",app:"kitty"},{name:"Alacritty",bundleId:"org.alacritty",app:"Alacritty"},{name:"WezTerm",bundleId:"com.github.wez.wezterm",app:"WezTerm"},{name:"Terminal.app",bundleId:"com.apple.Terminal",app:"Terminal",termProgramAliases:["apple_terminal"]}],Zzf=["ghostty","kitty","alacritty","wezterm","gnome-terminal","konsole","xfce4-terminal","mate-terminal","tilix"
32274 | `)}async*read(){let e="",t=async function*(){for(;;){if(this.prependedLines.length>0)e=this.prependedLines.join("")+e,this.prependedLines=[];let n=e.indexOf(`
32275 | `);if(n===-1)break;let r=e.slice(0,n);e=e.slice(n+1);let o=await this.processLine(r);if(o)Cn("info","cli_stdin_message_parsed",{type:o.type}),yield o}}.bind(this);yield*t();for await(let n of this.input)e+=n,yield*t();if(e){let n=await this.processLine(e);if(n)yield n}this.inputClosed=!0;for(let n of this.pendingRequests.values())n.reject(Error("Tool permission stream closed before response received"))}getPendingPermissionRequests(){return Array.from(this.pendingRequests.values()).map((e)=>e.request).filter((e)=>e.request.subtype==="can_use_tool")}getPendingUserDialogRequests(){return Array.from(this.pendingRequests.values()).map((e)=>e.request).filter((e)=>e.request.subtype==="request_user_dialog")}republishSurvivingPendingAction(){let e;for(let[t,n]of this.publishedPendingActionDetails)if(this.pendingRequests.has(t))e=n;if(!e)return;this.sessionState.republishPendingAction(e),W("tengu_pending_action_republished",{survivor_kind:Me(e.tool_name.startsWith("dialog:")?"dialog":"permission"),pending_permission_re
32276 | `)}async sendRequest(e,t,n,r=Q_t.randomUUID()){let o={type:"control_request",request_id:r,request:e};if(this.inputClosed)throw Error("Stream closed");if(n?.aborted)throw Error("Request aborted");if(this.outbound.enqueue(o),e.subtype==="can_use_tool"&&this.onControlRequestSent)this.onControlRequestSent(o);let s=()=>{this.outbound.enqueue({type:"control_cancel_request",request_id:r});let a=this.pendingRequests.get(r);if(a)this.trackResolvedToolUseId(a.request),a.reject(new Uc)};if(n)n.addEventListener("abort",s,{once:!0});let i=Date.now();try{return await new Promise((a,l)=>{this.pendingRequests.set(r,{request:{type:"control_request",request_id:r,request:e},resolve:(c)=>{a(c)},reject:l,schema:t})})}finally{if(W("tengu_sdk_control_roundtrip",{subtype:Me(e.subtype),duration_ms:Date.now()-i,aborted:n?.aborted??!1}),n)n.removeEventListener("abort",s);this.pendingRequests.delete(r)}}createCanUseTool(e){return async(t,n,r,o,s,i)=>{let a=i??await iL(t,n,r,o,s);if(a.behavior==="allow")return a;if(a.behavior==="deny"){l

error: Stream closed
      at sendRequest (/$bunfs/root/src/entrypoints/cli.js:32276:133)
      at <anonymous> (/$bunfs/root/src/entrypoints/cli.js:32276:3073)
      at bIf (/$bunfs/root/src/entrypoints/cli.js:10073:1258)
      at <anonymous> (/$bunfs/root/src/entrypoints/cli.js:10070:2156)
      at next (1:11)
      at n (/$bunfs/root/src/entrypoints/cli.js:3522:12300)
      at z4n (/$bunfs/root/src/entrypoints/cli.js:3522:12450)
      at next (1:11)
      at uw (/$bunfs/root/src/entrypoints/cli.js:10070:11612)
      at next (1:11)

Error in hook callback hook_0: 32271 |   activate
32272 | end tell`,{code:a}=await Wn("osascript",["-e",i],{useCwd:!1});return a===0}case"Ghostty":{let s=["-na",e.command,"--args","--window-save-state=never"];if(o)s.push(`--working-directory=${o}`);s.push("-e",t,...z_t(r));let{code:i}=await Wn("open",s,{useCwd:!1});if(i===0)return!0;break}case"Alacritty":{let s=["-na",e.command,"--args"];if(o)s.push("--working-directory",o);s.push("-e",t,...n);let{code:i}=await Wn("open",s,{useCwd:!1});if(i===0)return!0;break}case"kitty":{let s=["-na",e.command,"--args"];if(o)s.push("--directory",o);s.push(t,...n);let{code:i}=await Wn("open",s,{useCwd:!1});if(i===0)return!0;break}case"WezTerm":{let s=["-na",e.command,"--args","start"];if(o)s.push("--cwd",o);s.push("--",t,...n);let{code:i}=await Wn("open",s,{useCwd:!1});if(i===0)return!0;break}}return T(`Failed to launch ${e.name}, falling back to Terminal.app`),lhc({name:"Terminal.app",command:"Terminal"},t,n,r)}async function oKf(e,t,n,r){let{cwd:o}=r,s,i;switch(e.name){case"gnome-terminal":s=o?[`--working-directory=${o}`,"--"]:["-
32273 | `,"\\n").replaceAll("\t","\\t")}"`}function aKf(e){if(/[\u2018\u2019\u201A\u201B]/.test(e))throw Error("Cannot safely quote a Unicode single-quote variant (U+2018-U+201B) in a PowerShell path; install Windows Terminal (wt.exe).");return`'${e.replaceAll('"',"").replaceAll("'","''")}'`}function ohc(e){return`"${e.replace(/[\n\t]/g," ").replace(/["%]/g,"").replace(/(\\+)$/,"$1$1")}"`}var shc,ihc,Srr,Zzf,iKf;var uhc=E(()=>{tr();Ge();xi();Zk();shc=require("child_process"),ihc=require("path"),Srr=[{name:"iTerm2",bundleId:"com.googlecode.iterm2",app:"iTerm"},{name:"Ghostty",bundleId:"com.mitchellh.ghostty",app:"Ghostty"},{name:"Kitty",bundleId:"net.kovidgoyal.kitty",app:"kitty"},{name:"Alacritty",bundleId:"org.alacritty",app:"Alacritty"},{name:"WezTerm",bundleId:"com.github.wez.wezterm",app:"WezTerm"},{name:"Terminal.app",bundleId:"com.apple.Terminal",app:"Terminal",termProgramAliases:["apple_terminal"]}],Zzf=["ghostty","kitty","alacritty","wezterm","gnome-terminal","konsole","xfce4-terminal","mate-terminal","tilix"
32274 | `)}async*read(){let e="",t=async function*(){for(;;){if(this.prependedLines.length>0)e=this.prependedLines.join("")+e,this.prependedLines=[];let n=e.indexOf(`
32275 | `);if(n===-1)break;let r=e.slice(0,n);e=e.slice(n+1);let o=await this.processLine(r);if(o)Cn("info","cli_stdin_message_parsed",{type:o.type}),yield o}}.bind(this);yield*t();for await(let n of this.input)e+=n,yield*t();if(e){let n=await this.processLine(e);if(n)yield n}this.inputClosed=!0;for(let n of this.pendingRequests.values())n.reject(Error("Tool permission stream closed before response received"))}getPendingPermissionRequests(){return Array.from(this.pendingRequests.values()).map((e)=>e.request).filter((e)=>e.request.subtype==="can_use_tool")}getPendingUserDialogRequests(){return Array.from(this.pendingRequests.values()).map((e)=>e.request).filter((e)=>e.request.subtype==="request_user_dialog")}republishSurvivingPendingAction(){let e;for(let[t,n]of this.publishedPendingActionDetails)if(this.pendingRequests.has(t))e=n;if(!e)return;this.sessionState.republishPendingAction(e),W("tengu_pending_action_republished",{survivor_kind:Me(e.tool_name.startsWith("dialog:")?"dialog":"permission"),pending_permission_re
32276 | `)}async sendRequest(e,t,n,r=Q_t.randomUUID()){let o={type:"control_request",request_id:r,request:e};if(this.inputClosed)throw Error("Stream closed");if(n?.aborted)throw Error("Request aborted");if(this.outbound.enqueue(o),e.subtype==="can_use_tool"&&this.onControlRequestSent)this.onControlRequestSent(o);let s=()=>{this.outbound.enqueue({type:"control_cancel_request",request_id:r});let a=this.pendingRequests.get(r);if(a)this.trackResolvedToolUseId(a.request),a.reject(new Uc)};if(n)n.addEventListener("abort",s,{once:!0});let i=Date.now();try{return await new Promise((a,l)=>{this.pendingRequests.set(r,{request:{type:"control_request",request_id:r,request:e},resolve:(c)=>{a(c)},reject:l,schema:t})})}finally{if(W("tengu_sdk_control_roundtrip",{subtype:Me(e.subtype),duration_ms:Date.now()-i,aborted:n?.aborted??!1}),n)n.removeEventListener("abort",s);this.pendingRequests.delete(r)}}createCanUseTool(e){return async(t,n,r,o,s,i)=>{let a=i??await iL(t,n,r,o,s);if(a.behavior==="allow")return a;if(a.behavior==="deny"){l

error: Stream closed
      at sendRequest (/$bunfs/root/src/entrypoints/cli.js:32276:133)
      at <anonymous> (/$bunfs/root/src/entrypoints/cli.js:32276:3073)
      at bIf (/$bunfs/root/src/entrypoints/cli.js:10073:1258)
      at <anonymous> (/$bunfs/root/src/entrypoints/cli.js:10070:2156)
      at next (1:11)
      at n (/$bunfs/root/src/entrypoints/cli.js:3522:12300)
      at z4n (/$bunfs/root/src/entrypoints/cli.js:3522:12450)
      at next (1:11)
      at uw (/$bunfs/root/src/entrypoints/cli.js:10070:11612)
      at next (1:11)

Error in hook callback hook_0: 32271 |   activate
32272 | end tell`,{code:a}=await Wn("osascript",["-e",i],{useCwd:!1});return a===0}case"Ghostty":{let s=["-na",e.command,"--args","--window-save-state=never"];if(o)s.push(`--working-directory=${o}`);s.push("-e",t,...z_t(r));let{code:i}=await Wn("open",s,{useCwd:!1});if(i===0)return!0;break}case"Alacritty":{let s=["-na",e.command,"--args"];if(o)s.push("--working-directory",o);s.push("-e",t,...n);let{code:i}=await Wn("open",s,{useCwd:!1});if(i===0)return!0;break}case"kitty":{let s=["-na",e.command,"--args"];if(o)s.push("--directory",o);s.push(t,...n);let{code:i}=await Wn("open",s,{useCwd:!1});if(i===0)return!0;break}case"WezTerm":{let s=["-na",e.command,"--args","start"];if(o)s.push("--cwd",o);s.push("--",t,...n);let{code:i}=await Wn("open",s,{useCwd:!1});if(i===0)return!0;break}}return T(`Failed to launch ${e.name}, falling back to Terminal.app`),lhc({name:"Terminal.app",command:"Terminal"},t,n,r)}async function oKf(e,t,n,r){let{cwd:o}=r,s,i;switch(e.name){case"gnome-terminal":s=o?[`--working-directory=${o}`,"--"]:["-
32273 | `,"\\n").replaceAll("\t","\\t")}"`}function aKf(e){if(/[\u2018\u2019\u201A\u201B]/.test(e))throw Error("Cannot safely quote a Unicode single-quote variant (U+2018-U+201B) in a PowerShell path; install Windows Terminal (wt.exe).");return`'${e.replaceAll('"',"").replaceAll("'","''")}'`}function ohc(e){return`"${e.replace(/[\n\t]/g," ").replace(/["%]/g,"").replace(/(\\+)$/,"$1$1")}"`}var shc,ihc,Srr,Zzf,iKf;var uhc=E(()=>{tr();Ge();xi();Zk();shc=require("child_process"),ihc=require("path"),Srr=[{name:"iTerm2",bundleId:"com.googlecode.iterm2",app:"iTerm"},{name:"Ghostty",bundleId:"com.mitchellh.ghostty",app:"Ghostty"},{name:"Kitty",bundleId:"net.kovidgoyal.kitty",app:"kitty"},{name:"Alacritty",bundleId:"org.alacritty",app:"Alacritty"},{name:"WezTerm",bundleId:"com.github.wez.wezterm",app:"WezTerm"},{name:"Terminal.app",bundleId:"com.apple.Terminal",app:"Terminal",termProgramAliases:["apple_terminal"]}],Zzf=["ghostty","kitty","alacritty","wezterm","gnome-terminal","konsole","xfce4-terminal","mate-terminal","tilix"
32274 | `)}async*read(){let e="",t=async function*(){for(;;){if(this.prependedLines.length>0)e=this.prependedLines.join("")+e,this.prependedLines=[];let n=e.indexOf(`
32275 | `);if(n===-1)break;let r=e.slice(0,n);e=e.slice(n+1);let o=await this.processLine(r);if(o)Cn("info","cli_stdin_message_parsed",{type:o.type}),yield o}}.bind(this);yield*t();for await(let n of this.input)e+=n,yield*t();if(e){let n=await this.processLine(e);if(n)yield n}this.inputClosed=!0;for(let n of this.pendingRequests.values())n.reject(Error("Tool permission stream closed before response received"))}getPendingPermissionRequests(){return Array.from(this.pendingRequests.values()).map((e)=>e.request).filter((e)=>e.request.subtype==="can_use_tool")}getPendingUserDialogRequests(){return Array.from(this.pendingRequests.values()).map((e)=>e.request).filter((e)=>e.request.subtype==="request_user_dialog")}republishSurvivingPendingAction(){let e;for(let[t,n]of this.publishedPendingActionDetails)if(this.pendingRequests.has(t))e=n;if(!e)return;this.sessionState.republishPendingAction(e),W("tengu_pending_action_republished",{survivor_kind:Me(e.tool_name.startsWith("dialog:")?"dialog":"permission"),pending_permission_re
32276 | `)}async sendRequest(e,t,n,r=Q_t.randomUUID()){let o={type:"control_request",request_id:r,request:e};if(this.inputClosed)throw Error("Stream closed");if(n?.aborted)throw Error("Request aborted");if(this.outbound.enqueue(o),e.subtype==="can_use_tool"&&this.onControlRequestSent)this.onControlRequestSent(o);let s=()=>{this.outbound.enqueue({type:"control_cancel_request",request_id:r});let a=this.pendingRequests.get(r);if(a)this.trackResolvedToolUseId(a.request),a.reject(new Uc)};if(n)n.addEventListener("abort",s,{once:!0});let i=Date.now();try{return await new Promise((a,l)=>{this.pendingRequests.set(r,{request:{type:"control_request",request_id:r,request:e},resolve:(c)=>{a(c)},reject:l,schema:t})})}finally{if(W("tengu_sdk_control_roundtrip",{subtype:Me(e.subtype),duration_ms:Date.now()-i,aborted:n?.aborted??!1}),n)n.removeEventListener("abort",s);this.pendingRequests.delete(r)}}createCanUseTool(e){return async(t,n,r,o,s,i)=>{let a=i??await iL(t,n,r,o,s);if(a.behavior==="allow")return a;if(a.behavior==="deny"){l

error: Stream closed
      at sendRequest (/$bunfs/root/src/entrypoints/cli.js:32276:133)
      at <anonymous> (/$bunfs/root/src/entrypoints/cli.js:32276:3073)
      at bIf (/$bunfs/root/src/entrypoints/cli.js:10073:1258)
      at <anonymous> (/$bunfs/root/src/entrypoints/cli.js:10070:2156)
      at next (1:11)
      at n (/$bunfs/root/src/entrypoints/cli.js:3522:12300)
      at z4n (/$bunfs/root/src/entrypoints/cli.js:3522:12450)
      at next (1:11)
      at uw (/$bunfs/root/src/entrypoints/cli.js:10070:11612)
      at next (1:11)

Error in hook callback hook_0: 32271 |   activate
32272 | end tell`,{code:a}=await Wn("osascript",["-e",i],{useCwd:!1});return a===0}case"Ghostty":{let s=["-na",e.command,"--args","--window-save-state=never"];if(o)s.push(`--working-directory=${o}`);s.push("-e",t,...z_t(r));let{code:i}=await Wn("open",s,{useCwd:!1});if(i===0)return!0;break}case"Alacritty":{let s=["-na",e.command,"--args"];if(o)s.push("--working-directory",o);s.push("-e",t,...n);let{code:i}=await Wn("open",s,{useCwd:!1});if(i===0)return!0;break}case"kitty":{let s=["-na",e.command,"--args"];if(o)s.push("--directory",o);s.push(t,...n);let{code:i}=await Wn("open",s,{useCwd:!1});if(i===0)return!0;break}case"WezTerm":{let s=["-na",e.command,"--args","start"];if(o)s.push("--cwd",o);s.push("--",t,...n);let{code:i}=await Wn("open",s,{useCwd:!1});if(i===0)return!0;break}}return T(`Failed to launch ${e.name}, falling back to Terminal.app`),lhc({name:"Terminal.app",command:"Terminal"},t,n,r)}async function oKf(e,t,n,r){let{cwd:o}=r,s,i;switch(e.name){case"gnome-terminal":s=o?[`--working-directory=${o}`,"--"]:["-
32273 | `,"\\n").replaceAll("\t","\\t")}"`}function aKf(e){if(/[\u2018\u2019\u201A\u201B]/.test(e))throw Error("Cannot safely quote a Unicode single-quote variant (U+2018-U+201B) in a PowerShell path; install Windows Terminal (wt.exe).");return`'${e.replaceAll('"',"").replaceAll("'","''")}'`}function ohc(e){return`"${e.replace(/[\n\t]/g," ").replace(/["%]/g,"").replace(/(\\+)$/,"$1$1")}"`}var shc,ihc,Srr,Zzf,iKf;var uhc=E(()=>{tr();Ge();xi();Zk();shc=require("child_process"),ihc=require("path"),Srr=[{name:"iTerm2",bundleId:"com.googlecode.iterm2",app:"iTerm"},{name:"Ghostty",bundleId:"com.mitchellh.ghostty",app:"Ghostty"},{name:"Kitty",bundleId:"net.kovidgoyal.kitty",app:"kitty"},{name:"Alacritty",bundleId:"org.alacritty",app:"Alacritty"},{name:"WezTerm",bundleId:"com.github.wez.wezterm",app:"WezTerm"},{name:"Terminal.app",bundleId:"com.apple.Terminal",app:"Terminal",termProgramAliases:["apple_terminal"]}],Zzf=["ghostty","kitty","alacritty","wezterm","gnome-terminal","konsole","xfce4-terminal","mate-terminal","tilix"
32274 | `)}async*read(){let e="",t=async function*(){for(;;){if(this.prependedLines.length>0)e=this.prependedLines.join("")+e,this.prependedLines=[];let n=e.indexOf(`
32275 | `);if(n===-1)break;let r=e.slice(0,n);e=e.slice(n+1);let o=await this.processLine(r);if(o)Cn("info","cli_stdin_message_parsed",{type:o.type}),yield o}}.bind(this);yield*t();for await(let n of this.input)e+=n,yield*t();if(e){let n=await this.processLine(e);if(n)yield n}this.inputClosed=!0;for(let n of this.pendingRequests.values())n.reject(Error("Tool permission stream closed before response received"))}getPendingPermissionRequests(){return Array.from(this.pendingRequests.values()).map((e)=>e.request).filter((e)=>e.request.subtype==="can_use_tool")}getPendingUserDialogRequests(){return Array.from(this.pendingRequests.values()).map((e)=>e.request).filter((e)=>e.request.subtype==="request_user_dialog")}republishSurvivingPendingAction(){let e;for(let[t,n]of this.publishedPendingActionDetails)if(this.pendingRequests.has(t))e=n;if(!e)return;this.sessionState.republishPendingAction(e),W("tengu_pending_action_republished",{survivor_kind:Me(e.tool_name.startsWith("dialog:")?"dialog":"permission"),pending_permission_re
32276 | `)}async sendRequest(e,t,n,r=Q_t.randomUUID()){let o={type:"control_request",request_id:r,request:e};if(this.inputClosed)throw Error("Stream closed");if(n?.aborted)throw Error("Request aborted");if(this.outbound.enqueue(o),e.subtype==="can_use_tool"&&this.onControlRequestSent)this.onControlRequestSent(o);let s=()=>{this.outbound.enqueue({type:"control_cancel_request",request_id:r});let a=this.pendingRequests.get(r);if(a)this.trackResolvedToolUseId(a.request),a.reject(new Uc)};if(n)n.addEventListener("abort",s,{once:!0});let i=Date.now();try{return await new Promise((a,l)=>{this.pendingRequests.set(r,{request:{type:"control_request",request_id:r,request:e},resolve:(c)=>{a(c)},reject:l,schema:t})})}finally{if(W("tengu_sdk_control_roundtrip",{subtype:Me(e.subtype),duration_ms:Date.now()-i,aborted:n?.aborted??!1}),n)n.removeEventListener("abort",s);this.pendingRequests.delete(r)}}createCanUseTool(e){return async(t,n,r,o,s,i)=>{let a=i??await iL(t,n,r,o,s);if(a.behavior==="allow")return a;if(a.behavior==="deny"){l

error: Stream closed
      at sendRequest (/$bunfs/root/src/entrypoints/cli.js:32276:133)
      at <anonymous> (/$bunfs/root/src/entrypoints/cli.js:32276:3073)
      at bIf (/$bunfs/root/src/entrypoints/cli.js:10073:1258)
      at <anonymous> (/$bunfs/root/src/entrypoints/cli.js:10070:2156)
      at next (1:11)
      at n (/$bunfs/root/src/entrypoints/cli.js:3522:12300)
      at z4n (/$bunfs/root/src/entrypoints/cli.js:3522:12450)
      at next (1:11)
      at uw (/$bunfs/root/src/entrypoints/cli.js:10070:11612)
      at next (1:11)

Error in hook callback hook_0: 32271 |   activate
32272 | end tell`,{code:a}=await Wn("osascript",["-e",i],{useCwd:!1});return a===0}case"Ghostty":{let s=["-na",e.command,"--args","--window-save-state=never"];if(o)s.push(`--working-directory=${o}`);s.push("-e",t,...z_t(r));let{code:i}=await Wn("open",s,{useCwd:!1});if(i===0)return!0;break}case"Alacritty":{let s=["-na",e.command,"--args"];if(o)s.push("--working-directory",o);s.push("-e",t,...n);let{code:i}=await Wn("open",s,{useCwd:!1});if(i===0)return!0;break}case"kitty":{let s=["-na",e.command,"--args"];if(o)s.push("--directory",o);s.push(t,...n);let{code:i}=await Wn("open",s,{useCwd:!1});if(i===0)return!0;break}case"WezTerm":{let s=["-na",e.command,"--args","start"];if(o)s.push("--cwd",o);s.push("--",t,...n);let{code:i}=await Wn("open",s,{useCwd:!1});if(i===0)return!0;break}}return T(`Failed to launch ${e.name}, falling back to Terminal.app`),lhc({name:"Terminal.app",command:"Terminal"},t,n,r)}async function oKf(e,t,n,r){let{cwd:o}=r,s,i;switch(e.name){case"gnome-terminal":s=o?[`--working-directory=${o}`,"--"]:["-
32273 | `,"\\n").replaceAll("\t","\\t")}"`}function aKf(e){if(/[\u2018\u2019\u201A\u201B]/.test(e))throw Error("Cannot safely quote a Unicode single-quote variant (U+2018-U+201B) in a PowerShell path; install Windows Terminal (wt.exe).");return`'${e.replaceAll('"',"").replaceAll("'","''")}'`}function ohc(e){return`"${e.replace(/[\n\t]/g," ").replace(/["%]/g,"").replace(/(\\+)$/,"$1$1")}"`}var shc,ihc,Srr,Zzf,iKf;var uhc=E(()=>{tr();Ge();xi();Zk();shc=require("child_process"),ihc=require("path"),Srr=[{name:"iTerm2",bundleId:"com.googlecode.iterm2",app:"iTerm"},{name:"Ghostty",bundleId:"com.mitchellh.ghostty",app:"Ghostty"},{name:"Kitty",bundleId:"net.kovidgoyal.kitty",app:"kitty"},{name:"Alacritty",bundleId:"org.alacritty",app:"Alacritty"},{name:"WezTerm",bundleId:"com.github.wez.wezterm",app:"WezTerm"},{name:"Terminal.app",bundleId:"com.apple.Terminal",app:"Terminal",termProgramAliases:["apple_terminal"]}],Zzf=["ghostty","kitty","alacritty","wezterm","gnome-terminal","konsole","xfce4-terminal","mate-terminal","tilix"
32274 | `)}async*read(){let e="",t=async function*(){for(;;){if(this.prependedLines.length>0)e=this.prependedLines.join("")+e,this.prependedLines=[];let n=e.indexOf(`
32275 | `);if(n===-1)break;let r=e.slice(0,n);e=e.slice(n+1);let o=await this.processLine(r);if(o)Cn("info","cli_stdin_message_parsed",{type:o.type}),yield o}}.bind(this);yield*t();for await(let n of this.input)e+=n,yield*t();if(e){let n=await this.processLine(e);if(n)yield n}this.inputClosed=!0;for(let n of this.pendingRequests.values())n.reject(Error("Tool permission stream closed before response received"))}getPendingPermissionRequests(){return Array.from(this.pendingRequests.values()).map((e)=>e.request).filter((e)=>e.request.subtype==="can_use_tool")}getPendingUserDialogRequests(){return Array.from(this.pendingRequests.values()).map((e)=>e.request).filter((e)=>e.request.subtype==="request_user_dialog")}republishSurvivingPendingAction(){let e;for(let[t,n]of this.publishedPendingActionDetails)if(this.pendingRequests.has(t))e=n;if(!e)return;this.sessionState.republishPendingAction(e),W("tengu_pending_action_republished",{survivor_kind:Me(e.tool_name.startsWith("dialog:")?"dialog":"permission"),pending_permission_re
32276 | `)}async sendRequest(e,t,n,r=Q_t.randomUUID()){let o={type:"control_request",request_id:r,request:e};if(this.inputClosed)throw Error("Stream closed");if(n?.aborted)throw Error("Request aborted");if(this.outbound.enqueue(o),e.subtype==="can_use_tool"&&this.onControlRequestSent)this.onControlRequestSent(o);let s=()=>{this.outbound.enqueue({type:"control_cancel_request",request_id:r});let a=this.pendingRequests.get(r);if(a)this.trackResolvedToolUseId(a.request),a.reject(new Uc)};if(n)n.addEventListener("abort",s,{once:!0});let i=Date.now();try{return await new Promise((a,l)=>{this.pendingRequests.set(r,{request:{type:"control_request",request_id:r,request:e},resolve:(c)=>{a(c)},reject:l,schema:t})})}finally{if(W("tengu_sdk_control_roundtrip",{subtype:Me(e.subtype),duration_ms:Date.now()-i,aborted:n?.aborted??!1}),n)n.removeEventListener("abort",s);this.pendingRequests.delete(r)}}createCanUseTool(e){return async(t,n,r,o,s,i)=>{let a=i??await iL(t,n,r,o,s);if(a.behavior==="allow")return a;if(a.behavior==="deny"){l

error: Stream closed
      at sendRequest (/$bunfs/root/src/entrypoints/cli.js:32276:133)
      at <anonymous> (/$bunfs/root/src/entrypoints/cli.js:32276:3073)
      at bIf (/$bunfs/root/src/entrypoints/cli.js:10073:1258)
      at <anonymous> (/$bunfs/root/src/entrypoints/cli.js:10070:2156)
      at next (1:11)
      at n (/$bunfs/root/src/entrypoints/cli.js:3522:12300)
      at z4n (/$bunfs/root/src/entrypoints/cli.js:3522:12450)
      at next (1:11)
      at uw (/$bunfs/root/src/entrypoints/cli.js:10070:11612)
      at next (1:11)

Error in hook callback hook_0: 32271 |   activate
32272 | end tell`,{code:a}=await Wn("osascript",["-e",i],{useCwd:!1});return a===0}case"Ghostty":{let s=["-na",e.command,"--args","--window-save-state=never"];if(o)s.push(`--working-directory=${o}`);s.push("-e",t,...z_t(r));let{code:i}=await Wn("open",s,{useCwd:!1});if(i===0)return!0;break}case"Alacritty":{let s=["-na",e.command,"--args"];if(o)s.push("--working-directory",o);s.push("-e",t,...n);let{code:i}=await Wn("open",s,{useCwd:!1});if(i===0)return!0;break}case"kitty":{let s=["-na",e.command,"--args"];if(o)s.push("--directory",o);s.push(t,...n);let{code:i}=await Wn("open",s,{useCwd:!1});if(i===0)return!0;break}case"WezTerm":{let s=["-na",e.command,"--args","start"];if(o)s.push("--cwd",o);s.push("--",t,...n);let{code:i}=await Wn("open",s,{useCwd:!1});if(i===0)return!0;break}}return T(`Failed to launch ${e.name}, falling back to Terminal.app`),lhc({name:"Terminal.app",command:"Terminal"},t,n,r)}async function oKf(e,t,n,r){let{cwd:o}=r,s,i;switch(e.name){case"gnome-terminal":s=o?[`--working-directory=${o}`,"--"]:["-
32273 | `,"\\n").replaceAll("\t","\\t")}"`}function aKf(e){if(/[\u2018\u2019\u201A\u201B]/.test(e))throw Error("Cannot safely quote a Unicode single-quote variant (U+2018-U+201B) in a PowerShell path; install Windows Terminal (wt.exe).");return`'${e.replaceAll('"',"").replaceAll("'","''")}'`}function ohc(e){return`"${e.replace(/[\n\t]/g," ").replace(/["%]/g,"").replace(/(\\+)$/,"$1$1")}"`}var shc,ihc,Srr,Zzf,iKf;var uhc=E(()=>{tr();Ge();xi();Zk();shc=require("child_process"),ihc=require("path"),Srr=[{name:"iTerm2",bundleId:"com.googlecode.iterm2",app:"iTerm"},{name:"Ghostty",bundleId:"com.mitchellh.ghostty",app:"Ghostty"},{name:"Kitty",bundleId:"net.kovidgoyal.kitty",app:"kitty"},{name:"Alacritty",bundleId:"org.alacritty",app:"Alacritty"},{name:"WezTerm",bundleId:"com.github.wez.wezterm",app:"WezTerm"},{name:"Terminal.app",bundleId:"com.apple.Terminal",app:"Terminal",termProgramAliases:["apple_terminal"]}],Zzf=["ghostty","kitty","alacritty","wezterm","gnome-terminal","konsole","xfce4-terminal","mate-terminal","tilix"
32274 | `)}async*read(){let e="",t=async function*(){for(;;){if(this.prependedLines.length>0)e=this.prependedLines.join("")+e,this.prependedLines=[];let n=e.indexOf(`
32275 | `);if(n===-1)break;let r=e.slice(0,n);e=e.slice(n+1);let o=await this.processLine(r);if(o)Cn("info","cli_stdin_message_parsed",{type:o.type}),yield o}}.bind(this);yield*t();for await(let n of this.input)e+=n,yield*t();if(e){let n=await this.processLine(e);if(n)yield n}this.inputClosed=!0;for(let n of this.pendingRequests.values())n.reject(Error("Tool permission stream closed before response received"))}getPendingPermissionRequests(){return Array.from(this.pendingRequests.values()).map((e)=>e.request).filter((e)=>e.request.subtype==="can_use_tool")}getPendingUserDialogRequests(){return Array.from(this.pendingRequests.values()).map((e)=>e.request).filter((e)=>e.request.subtype==="request_user_dialog")}republishSurvivingPendingAction(){let e;for(let[t,n]of this.publishedPendingActionDetails)if(this.pendingRequests.has(t))e=n;if(!e)return;this.sessionState.republishPendingAction(e),W("tengu_pending_action_republished",{survivor_kind:Me(e.tool_name.startsWith("dialog:")?"dialog":"permission"),pending_permission_re
32276 | `)}async sendRequest(e,t,n,r=Q_t.randomUUID()){let o={type:"control_request",request_id:r,request:e};if(this.inputClosed)throw Error("Stream closed");if(n?.aborted)throw Error("Request aborted");if(this.outbound.enqueue(o),e.subtype==="can_use_tool"&&this.onControlRequestSent)this.onControlRequestSent(o);let s=()=>{this.outbound.enqueue({type:"control_cancel_request",request_id:r});let a=this.pendingRequests.get(r);if(a)this.trackResolvedToolUseId(a.request),a.reject(new Uc)};if(n)n.addEventListener("abort",s,{once:!0});let i=Date.now();try{return await new Promise((a,l)=>{this.pendingRequests.set(r,{request:{type:"control_request",request_id:r,request:e},resolve:(c)=>{a(c)},reject:l,schema:t})})}finally{if(W("tengu_sdk_control_roundtrip",{subtype:Me(e.subtype),duration_ms:Date.now()-i,aborted:n?.aborted??!1}),n)n.removeEventListener("abort",s);this.pendingRequests.delete(r)}}createCanUseTool(e){return async(t,n,r,o,s,i)=>{let a=i??await iL(t,n,r,o,s);if(a.behavior==="allow")return a;if(a.behavior==="deny"){l

error: Stream closed
      at sendRequest (/$bunfs/root/src/entrypoints/cli.js:32276:133)
      at <anonymous> (/$bunfs/root/src/entrypoints/cli.js:32276:3073)
      at bIf (/$bunfs/root/src/entrypoints/cli.js:10073:1258)
      at <anonymous> (/$bunfs/root/src/entrypoints/cli.js:10070:2156)
      at next (1:11)
      at n (/$bunfs/root/src/entrypoints/cli.js:3522:12300)
      at z4n (/$bunfs/root/src/entrypoints/cli.js:3522:12450)
      at next (1:11)
      at uw (/$bunfs/root/src/entrypoints/cli.js:10070:11612)
      at next (1:11)

